[35m[1mConsolidate compiler generated dependencies of target race3[0m
[  0%] Built target ament_cmake_python_copy_race3
[ 50%] [32mBuilding CXX object CMakeFiles/race3.dir/src/race3.cpp.o[0m
running egg_info
creating race3.egg-info
writing race3.egg-info/PKG-INFO
writing dependency_links to race3.egg-info/dependency_links.txt
writing top-level names to race3.egg-info/top_level.txt
writing manifest file 'race3.egg-info/SOURCES.txt'
reading manifest file 'race3.egg-info/SOURCES.txt'
writing manifest file 'race3.egg-info/SOURCES.txt'
[ 50%] Built target ament_cmake_python_build_race3_egg
[100%] [32m[1mLinking CXX executable race3[0m
[100%] Built target race3
-- Install configuration: ""
-- Installing: /home/kabir/F1_labs/src/race3/install/race3/lib/race3/race3
-- Set runtime path of "/home/kabir/F1_labs/src/race3/install/race3/lib/race3/race3" to ""
-- Installing: /home/kabir/F1_labs/src/race3/install/race3/share/race3/environment/pythonpath.sh
-- Installing: /home/kabir/F1_labs/src/race3/install/race3/share/race3/environment/pythonpath.dsv
-- Installing: /home/kabir/F1_labs/src/race3/install/race3/local/lib/python3.10/dist-packages/race3-0.0.0-py3.10.egg-info
-- Installing: /home/kabir/F1_labs/src/race3/install/race3/local/lib/python3.10/dist-packages/race3-0.0.0-py3.10.egg-info/dependency_links.txt
-- Installing: /home/kabir/F1_labs/src/race3/install/race3/local/lib/python3.10/dist-packages/race3-0.0.0-py3.10.egg-info/PKG-INFO
-- Installing: /home/kabir/F1_labs/src/race3/install/race3/local/lib/python3.10/dist-packages/race3-0.0.0-py3.10.egg-info/SOURCES.txt
-- Installing: /home/kabir/F1_labs/src/race3/install/race3/local/lib/python3.10/dist-packages/race3-0.0.0-py3.10.egg-info/top_level.txt
-- Installing: /home/kabir/F1_labs/src/race3/install/race3/local/lib/python3.10/dist-packages/race3
-- Installing: /home/kabir/F1_labs/src/race3/install/race3/local/lib/python3.10/dist-packages/race3/__init__.py
Listing '/home/kabir/F1_labs/src/race3/install/race3/local/lib/python3.10/dist-packages/race3'...
Compiling '/home/kabir/F1_labs/src/race3/install/race3/local/lib/python3.10/dist-packages/race3/__init__.py'...
-- Installing: /home/kabir/F1_labs/src/race3/install/race3/lib/race3/race3.py
-- Installing: /home/kabir/F1_labs/src/race3/install/race3/share/race3/launch
-- Installing: /home/kabir/F1_labs/src/race3/install/race3/share/ament_index/resource_index/package_run_dependencies/race3
-- Installing: /home/kabir/F1_labs/src/race3/install/race3/share/ament_index/resource_index/parent_prefix_path/race3
-- Installing: /home/kabir/F1_labs/src/race3/install/race3/share/race3/environment/ament_prefix_path.sh
-- Installing: /home/kabir/F1_labs/src/race3/install/race3/share/race3/environment/ament_prefix_path.dsv
-- Installing: /home/kabir/F1_labs/src/race3/install/race3/share/race3/environment/path.sh
-- Installing: /home/kabir/F1_labs/src/race3/install/race3/share/race3/environment/path.dsv
-- Installing: /home/kabir/F1_labs/src/race3/install/race3/share/race3/local_setup.bash
-- Installing: /home/kabir/F1_labs/src/race3/install/race3/share/race3/local_setup.sh
-- Installing: /home/kabir/F1_labs/src/race3/install/race3/share/race3/local_setup.zsh
-- Installing: /home/kabir/F1_labs/src/race3/install/race3/share/race3/local_setup.dsv
-- Installing: /home/kabir/F1_labs/src/race3/install/race3/share/race3/package.dsv
-- Installing: /home/kabir/F1_labs/src/race3/install/race3/share/ament_index/resource_index/packages/race3
-- Installing: /home/kabir/F1_labs/src/race3/install/race3/share/race3/cmake/race3Config.cmake
-- Installing: /home/kabir/F1_labs/src/race3/install/race3/share/race3/cmake/race3Config-version.cmake
-- Installing: /home/kabir/F1_labs/src/race3/install/race3/share/race3/package.xml
