[0.122s] DEBUG:colcon:Command line arguments: ['/usr/bin/colcon', 'build', '--packages-select', 'race3']
[0.122s] DEBUG:colcon:Parsed command line arguments: Namespace(log_base=None, log_level=None, verb_name='build', build_base='build', install_base='install', merge_install=False, symlink_install=False, test_result_base=None, continue_on_error=False, executor='parallel', parallel_workers=8, event_handlers=None, ignore_user_meta=False, metas=['./colcon.meta'], base_paths=['.'], packages_ignore=None, packages_ignore_regex=None, paths=None, packages_up_to=None, packages_up_to_regex=None, packages_above=None, packages_above_and_dependencies=None, packages_above_depth=None, packages_select_by_dep=None, packages_skip_by_dep=None, packages_skip_up_to=None, packages_select_build_failed=False, packages_skip_build_finished=False, packages_select_test_failures=False, packages_skip_test_passed=False, packages_select=['race3'], packages_skip=None, packages_select_regex=None, packages_skip_regex=None, packages_start=None, packages_end=None, allow_overriding=[], cmake_args=None, cmake_target=None, cmake_target_skip_unavailable=False, cmake_clean_cache=False, cmake_clean_first=False, cmake_force_configure=False, ament_cmake_args=None, catkin_cmake_args=None, catkin_skip_building_tests=False, mixin_files=None, mixin=None, verb_parser=<colcon_mixin.mixin.mixin_argument.MixinArgumentDecorator object at 0x7d8349f08250>, verb_extension=<colcon_core.verb.build.BuildVerb object at 0x7d8349edfd60>, main=<bound method BuildVerb.main of <colcon_core.verb.build.BuildVerb object at 0x7d8349edfd60>>, mixin_verb=('build',))
[0.354s] Level 1:colcon.colcon_core.package_discovery:discover_packages(colcon_meta) check parameters
[0.354s] Level 1:colcon.colcon_core.package_discovery:discover_packages(recursive) check parameters
[0.354s] Level 1:colcon.colcon_core.package_discovery:discover_packages(ignore) check parameters
[0.354s] Level 1:colcon.colcon_core.package_discovery:discover_packages(path) check parameters
[0.354s] Level 1:colcon.colcon_core.package_discovery:discover_packages(colcon_meta) discover
[0.354s] Level 1:colcon.colcon_core.package_discovery:discover_packages(recursive) discover
[0.354s] INFO:colcon.colcon_core.package_discovery:Crawling recursively for packages in '/home/kabir/F1_labs/src/race3'
[0.354s] Level 1:colcon.colcon_core.package_identification:_identify(.) by extensions ['ignore', 'ignore_ament_install']
[0.355s] Level 1:colcon.colcon_core.package_identification:_identify(.) by extension 'ignore'
[0.355s] Level 1:colcon.colcon_core.package_identification:_identify(.) by extension 'ignore_ament_install'
[0.355s] Level 1:colcon.colcon_core.package_identification:_identify(.) by extensions ['colcon_pkg']
[0.355s] Level 1:colcon.colcon_core.package_identification:_identify(.) by extension 'colcon_pkg'
[0.355s] Level 1:colcon.colcon_core.package_identification:_identify(.) by extensions ['colcon_meta']
[0.355s] Level 1:colcon.colcon_core.package_identification:_identify(.) by extension 'colcon_meta'
[0.355s] Level 1:colcon.colcon_core.package_identification:_identify(.) by extensions ['ros']
[0.355s] Level 1:colcon.colcon_core.package_identification:_identify(.) by extension 'ros'
[0.410s] DEBUG:colcon.colcon_core.package_identification:Package '.' with type 'ros.ament_cmake' and name 'race3'
[0.410s] Level 1:colcon.colcon_core.package_discovery:discover_packages(recursive) using defaults
[0.410s] Level 1:colcon.colcon_core.package_discovery:discover_packages(ignore) discover
[0.410s] Level 1:colcon.colcon_core.package_discovery:discover_packages(ignore) using defaults
[0.411s] Level 1:colcon.colcon_core.package_discovery:discover_packages(path) discover
[0.411s] Level 1:colcon.colcon_core.package_discovery:discover_packages(path) using defaults
[0.441s] Level 1:colcon.colcon_core.package_discovery:discover_packages(prefix_path) check parameters
[0.441s] Level 1:colcon.colcon_core.package_discovery:discover_packages(prefix_path) discover
[0.444s] DEBUG:colcon.colcon_installed_package_information.package_discovery:Found 11 installed packages in /home/kabir/F1_labs/install
[0.447s] DEBUG:colcon.colcon_installed_package_information.package_discovery:Found 319 installed packages in /opt/ros/humble
[0.449s] Level 1:colcon.colcon_core.package_discovery:discover_packages(prefix_path) using defaults
[0.501s] Level 5:colcon.colcon_core.verb:set package 'race3' build argument 'cmake_args' from command line to 'None'
[0.501s] Level 5:colcon.colcon_core.verb:set package 'race3' build argument 'cmake_target' from command line to 'None'
[0.501s] Level 5:colcon.colcon_core.verb:set package 'race3' build argument 'cmake_target_skip_unavailable' from command line to 'False'
[0.501s] Level 5:colcon.colcon_core.verb:set package 'race3' build argument 'cmake_clean_cache' from command line to 'False'
[0.501s] Level 5:colcon.colcon_core.verb:set package 'race3' build argument 'cmake_clean_first' from command line to 'False'
[0.501s] Level 5:colcon.colcon_core.verb:set package 'race3' build argument 'cmake_force_configure' from command line to 'False'
[0.501s] Level 5:colcon.colcon_core.verb:set package 'race3' build argument 'ament_cmake_args' from command line to 'None'
[0.501s] Level 5:colcon.colcon_core.verb:set package 'race3' build argument 'catkin_cmake_args' from command line to 'None'
[0.501s] Level 5:colcon.colcon_core.verb:set package 'race3' build argument 'catkin_skip_building_tests' from command line to 'False'
[0.501s] DEBUG:colcon.colcon_core.verb:Building package 'race3' with the following arguments: {'ament_cmake_args': None, 'build_base': '/home/kabir/F1_labs/src/race3/build/race3', 'catkin_cmake_args': None, 'catkin_skip_building_tests': False, 'cmake_args': None, 'cmake_clean_cache': False, 'cmake_clean_first': False, 'cmake_force_configure': False, 'cmake_target': None, 'cmake_target_skip_unavailable': False, 'install_base': '/home/kabir/F1_labs/src/race3/install/race3', 'merge_install': False, 'path': '/home/kabir/F1_labs/src/race3', 'symlink_install': False, 'test_result_base': None}
[0.501s] INFO:colcon.colcon_core.executor:Executing jobs using 'parallel' executor
[0.502s] DEBUG:colcon.colcon_parallel_executor.executor.parallel:run_until_complete
[0.503s] INFO:colcon.colcon_ros.task.ament_cmake.build:Building ROS package in '/home/kabir/F1_labs/src/race3' with build type 'ament_cmake'
[0.503s] INFO:colcon.colcon_cmake.task.cmake.build:Building CMake package in '/home/kabir/F1_labs/src/race3'
[0.505s] INFO:colcon.colcon_core.plugin_system:Skipping extension 'colcon_core.shell.bat': Not used on non-Windows systems
[0.506s] INFO:colcon.colcon_core.shell:Skip shell extension 'powershell' for command environment: Not usable outside of PowerShell
[0.506s] DEBUG:colcon.colcon_core.shell:Skip shell extension 'dsv' for command environment
[0.522s] DEBUG:colcon.colcon_core.event_handler.log_command:Invoking command in '/home/kabir/F1_labs/src/race3/build/race3': CMAKE_PREFIX_PATH=${CMAKE_PREFIX_PATH}:/home/kabir/F1_labs/install/f1tenth_gym_ros:/opt/ros/humble /usr/bin/cmake --build /home/kabir/F1_labs/src/race3/build/race3 -- -j8 -l8
[8.674s] Level 1:colcon.colcon_core.environment:create_environment_scripts_only(race3)
[8.675s] DEBUG:colcon.colcon_core.event_handler.log_command:Invoked command in '/home/kabir/F1_labs/src/race3/build/race3' returned '2': CMAKE_PREFIX_PATH=${CMAKE_PREFIX_PATH}:/home/kabir/F1_labs/install/f1tenth_gym_ros:/opt/ros/humble /usr/bin/cmake --build /home/kabir/F1_labs/src/race3/build/race3 -- -j8 -l8
[8.677s] Level 1:colcon.colcon_core.environment:checking '/home/kabir/F1_labs/src/race3/install/race3' for CMake module files
[8.678s] Level 1:colcon.colcon_core.environment:checking '/home/kabir/F1_labs/src/race3/install/race3' for CMake config files
[8.678s] Level 1:colcon.colcon_core.shell:create_environment_hook('race3', 'cmake_prefix_path')
[8.679s] INFO:colcon.colcon_core.shell:Creating environment hook '/home/kabir/F1_labs/src/race3/install/race3/share/race3/hook/cmake_prefix_path.ps1'
[8.679s] INFO:colcon.colcon_core.shell:Creating environment descriptor '/home/kabir/F1_labs/src/race3/install/race3/share/race3/hook/cmake_prefix_path.dsv'
[8.680s] INFO:colcon.colcon_core.shell:Creating environment hook '/home/kabir/F1_labs/src/race3/install/race3/share/race3/hook/cmake_prefix_path.sh'
[8.681s] Level 1:colcon.colcon_core.environment:checking '/home/kabir/F1_labs/src/race3/install/race3/lib'
[8.681s] Level 1:colcon.colcon_core.environment:checking '/home/kabir/F1_labs/src/race3/install/race3/bin'
[8.681s] Level 1:colcon.colcon_core.environment:checking '/home/kabir/F1_labs/src/race3/install/race3/lib/pkgconfig/race3.pc'
[8.682s] Level 1:colcon.colcon_core.environment:checking '/home/kabir/F1_labs/src/race3/install/race3/lib/python3.10/site-packages'
[8.682s] Level 1:colcon.colcon_core.environment:checking '/home/kabir/F1_labs/src/race3/install/race3/bin'
[8.682s] INFO:colcon.colcon_core.shell:Creating package script '/home/kabir/F1_labs/src/race3/install/race3/share/race3/package.ps1'
[8.683s] INFO:colcon.colcon_core.shell:Creating package descriptor '/home/kabir/F1_labs/src/race3/install/race3/share/race3/package.dsv'
[8.684s] INFO:colcon.colcon_core.shell:Creating package script '/home/kabir/F1_labs/src/race3/install/race3/share/race3/package.sh'
[8.685s] INFO:colcon.colcon_core.shell:Creating package script '/home/kabir/F1_labs/src/race3/install/race3/share/race3/package.bash'
[8.686s] INFO:colcon.colcon_core.shell:Creating package script '/home/kabir/F1_labs/src/race3/install/race3/share/race3/package.zsh'
[8.687s] Level 1:colcon.colcon_core.environment:create_file_with_runtime_dependencies(/home/kabir/F1_labs/src/race3/install/race3/share/colcon-core/packages/race3)
[8.697s] DEBUG:colcon.colcon_parallel_executor.executor.parallel:closing loop
[8.697s] DEBUG:colcon.colcon_parallel_executor.executor.parallel:loop closed
[8.697s] DEBUG:colcon.colcon_parallel_executor.executor.parallel:run_until_complete finished with '2'
[8.697s] DEBUG:colcon.colcon_core.event_reactor:joining thread
[8.712s] INFO:colcon.colcon_core.plugin_system:Skipping extension 'colcon_notification.desktop_notification.terminal_notifier': Not used on non-Darwin systems
[8.713s] INFO:colcon.colcon_core.plugin_system:Skipping extension 'colcon_notification.desktop_notification.win32': Not used on non-Windows systems
[8.713s] INFO:colcon.colcon_notification.desktop_notification:Sending desktop notification using 'notify2'
[8.746s] DEBUG:colcon.colcon_core.event_reactor:joined thread
[8.747s] INFO:colcon.colcon_core.shell:Creating prefix script '/home/kabir/F1_labs/src/race3/install/local_setup.ps1'
[8.751s] INFO:colcon.colcon_core.shell:Creating prefix util module '/home/kabir/F1_labs/src/race3/install/_local_setup_util_ps1.py'
[8.757s] INFO:colcon.colcon_core.shell:Creating prefix chain script '/home/kabir/F1_labs/src/race3/install/setup.ps1'
[8.763s] INFO:colcon.colcon_core.shell:Creating prefix script '/home/kabir/F1_labs/src/race3/install/local_setup.sh'
[8.765s] INFO:colcon.colcon_core.shell:Creating prefix util module '/home/kabir/F1_labs/src/race3/install/_local_setup_util_sh.py'
[8.767s] INFO:colcon.colcon_core.shell:Creating prefix chain script '/home/kabir/F1_labs/src/race3/install/setup.sh'
[8.772s] INFO:colcon.colcon_core.shell:Creating prefix script '/home/kabir/F1_labs/src/race3/install/local_setup.bash'
[8.774s] INFO:colcon.colcon_core.shell:Creating prefix chain script '/home/kabir/F1_labs/src/race3/install/setup.bash'
[8.779s] INFO:colcon.colcon_core.shell:Creating prefix script '/home/kabir/F1_labs/src/race3/install/local_setup.zsh'
[8.781s] INFO:colcon.colcon_core.shell:Creating prefix chain script '/home/kabir/F1_labs/src/race3/install/setup.zsh'
