[0.563s] DEBUG:colcon:Command line arguments: ['/usr/bin/colcon', 'build', '--packages-select', 'race3']
[0.564s] DEBUG:colcon:Parsed command line arguments: Namespace(log_base=None, log_level=None, verb_name='build', build_base='build', install_base='install', merge_install=False, symlink_install=False, test_result_base=None, continue_on_error=False, executor='parallel', parallel_workers=8, event_handlers=None, ignore_user_meta=False, metas=['./colcon.meta'], base_paths=['.'], packages_ignore=None, packages_ignore_regex=None, paths=None, packages_up_to=None, packages_up_to_regex=None, packages_above=None, packages_above_and_dependencies=None, packages_above_depth=None, packages_select_by_dep=None, packages_skip_by_dep=None, packages_skip_up_to=None, packages_select_build_failed=False, packages_skip_build_finished=False, packages_select_test_failures=False, packages_skip_test_passed=False, packages_select=['race3'], packages_skip=None, packages_select_regex=None, packages_skip_regex=None, packages_start=None, packages_end=None, allow_overriding=[], cmake_args=None, cmake_target=None, cmake_target_skip_unavailable=False, cmake_clean_cache=False, cmake_clean_first=False, cmake_force_configure=False, ament_cmake_args=None, catkin_cmake_args=None, catkin_skip_building_tests=False, mixin_files=None, mixin=None, verb_parser=<colcon_mixin.mixin.mixin_argument.MixinArgumentDecorator object at 0x76e0b6708250>, verb_extension=<colcon_core.verb.build.BuildVerb object at 0x76e0b66dfd60>, main=<bound method BuildVerb.main of <colcon_core.verb.build.BuildVerb object at 0x76e0b66dfd60>>, mixin_verb=('build',))
[1.154s] Level 1:colcon.colcon_core.package_discovery:discover_packages(colcon_meta) check parameters
[1.155s] Level 1:colcon.colcon_core.package_discovery:discover_packages(recursive) check parameters
[1.155s] Level 1:colcon.colcon_core.package_discovery:discover_packages(ignore) check parameters
[1.155s] Level 1:colcon.colcon_core.package_discovery:discover_packages(path) check parameters
[1.155s] Level 1:colcon.colcon_core.package_discovery:discover_packages(colcon_meta) discover
[1.155s] Level 1:colcon.colcon_core.package_discovery:discover_packages(recursive) discover
[1.155s] INFO:colcon.colcon_core.package_discovery:Crawling recursively for packages in '/home/kabir/F1_labs/src/race3'
[1.155s] Level 1:colcon.colcon_core.package_identification:_identify(.) by extensions ['ignore', 'ignore_ament_install']
[1.155s] Level 1:colcon.colcon_core.package_identification:_identify(.) by extension 'ignore'
[1.156s] Level 1:colcon.colcon_core.package_identification:_identify(.) by extension 'ignore_ament_install'
[1.156s] Level 1:colcon.colcon_core.package_identification:_identify(.) by extensions ['colcon_pkg']
[1.156s] Level 1:colcon.colcon_core.package_identification:_identify(.) by extension 'colcon_pkg'
[1.156s] Level 1:colcon.colcon_core.package_identification:_identify(.) by extensions ['colcon_meta']
[1.156s] Level 1:colcon.colcon_core.package_identification:_identify(.) by extension 'colcon_meta'
[1.156s] Level 1:colcon.colcon_core.package_identification:_identify(.) by extensions ['ros']
[1.156s] Level 1:colcon.colcon_core.package_identification:_identify(.) by extension 'ros'
[1.243s] DEBUG:colcon.colcon_core.package_identification:Package '.' with type 'ros.ament_cmake' and name 'race3'
[1.243s] Level 1:colcon.colcon_core.package_discovery:discover_packages(recursive) using defaults
[1.243s] Level 1:colcon.colcon_core.package_discovery:discover_packages(ignore) discover
[1.243s] Level 1:colcon.colcon_core.package_discovery:discover_packages(ignore) using defaults
[1.243s] Level 1:colcon.colcon_core.package_discovery:discover_packages(path) discover
[1.243s] Level 1:colcon.colcon_core.package_discovery:discover_packages(path) using defaults
[1.300s] Level 1:colcon.colcon_core.package_discovery:discover_packages(prefix_path) check parameters
[1.300s] Level 1:colcon.colcon_core.package_discovery:discover_packages(prefix_path) discover
[1.319s] DEBUG:colcon.colcon_installed_package_information.package_discovery:Found 11 installed packages in /home/kabir/F1_labs/install
[1.324s] DEBUG:colcon.colcon_installed_package_information.package_discovery:Found 319 installed packages in /opt/ros/humble
[1.327s] Level 1:colcon.colcon_core.package_discovery:discover_packages(prefix_path) using defaults
[1.500s] Level 5:colcon.colcon_core.verb:set package 'race3' build argument 'cmake_args' from command line to 'None'
[1.500s] Level 5:colcon.colcon_core.verb:set package 'race3' build argument 'cmake_target' from command line to 'None'
[1.501s] Level 5:colcon.colcon_core.verb:set package 'race3' build argument 'cmake_target_skip_unavailable' from command line to 'False'
[1.501s] Level 5:colcon.colcon_core.verb:set package 'race3' build argument 'cmake_clean_cache' from command line to 'False'
[1.501s] Level 5:colcon.colcon_core.verb:set package 'race3' build argument 'cmake_clean_first' from command line to 'False'
[1.501s] Level 5:colcon.colcon_core.verb:set package 'race3' build argument 'cmake_force_configure' from command line to 'False'
[1.501s] Level 5:colcon.colcon_core.verb:set package 'race3' build argument 'ament_cmake_args' from command line to 'None'
[1.501s] Level 5:colcon.colcon_core.verb:set package 'race3' build argument 'catkin_cmake_args' from command line to 'None'
[1.501s] Level 5:colcon.colcon_core.verb:set package 'race3' build argument 'catkin_skip_building_tests' from command line to 'False'
[1.501s] DEBUG:colcon.colcon_core.verb:Building package 'race3' with the following arguments: {'ament_cmake_args': None, 'build_base': '/home/kabir/F1_labs/src/race3/build/race3', 'catkin_cmake_args': None, 'catkin_skip_building_tests': False, 'cmake_args': None, 'cmake_clean_cache': False, 'cmake_clean_first': False, 'cmake_force_configure': False, 'cmake_target': None, 'cmake_target_skip_unavailable': False, 'install_base': '/home/kabir/F1_labs/src/race3/install/race3', 'merge_install': False, 'path': '/home/kabir/F1_labs/src/race3', 'symlink_install': False, 'test_result_base': None}
[1.501s] INFO:colcon.colcon_core.executor:Executing jobs using 'parallel' executor
[1.504s] DEBUG:colcon.colcon_parallel_executor.executor.parallel:run_until_complete
[1.504s] INFO:colcon.colcon_ros.task.ament_cmake.build:Building ROS package in '/home/kabir/F1_labs/src/race3' with build type 'ament_cmake'
[1.504s] INFO:colcon.colcon_cmake.task.cmake.build:Building CMake package in '/home/kabir/F1_labs/src/race3'
[1.533s] INFO:colcon.colcon_core.plugin_system:Skipping extension 'colcon_core.shell.bat': Not used on non-Windows systems
[1.534s] INFO:colcon.colcon_core.shell:Skip shell extension 'powershell' for command environment: Not usable outside of PowerShell
[1.534s] DEBUG:colcon.colcon_core.shell:Skip shell extension 'dsv' for command environment
[1.552s] DEBUG:colcon.colcon_core.event_handler.log_command:Invoking command in '/home/kabir/F1_labs/src/race3/build/race3': CMAKE_PREFIX_PATH=${CMAKE_PREFIX_PATH}:/home/kabir/F1_labs/install/f1tenth_gym_ros:/opt/ros/humble /usr/bin/cmake /home/kabir/F1_labs/src/race3 -DCMAKE_INSTALL_PREFIX=/home/kabir/F1_labs/src/race3/install/race3
[5.862s] DEBUG:colcon.colcon_core.event_handler.log_command:Invoked command in '/home/kabir/F1_labs/src/race3/build/race3' returned '0': CMAKE_PREFIX_PATH=${CMAKE_PREFIX_PATH}:/home/kabir/F1_labs/install/f1tenth_gym_ros:/opt/ros/humble /usr/bin/cmake /home/kabir/F1_labs/src/race3 -DCMAKE_INSTALL_PREFIX=/home/kabir/F1_labs/src/race3/install/race3
[5.866s] DEBUG:colcon.colcon_core.event_handler.log_command:Invoking command in '/home/kabir/F1_labs/src/race3/build/race3': CMAKE_PREFIX_PATH=${CMAKE_PREFIX_PATH}:/home/kabir/F1_labs/install/f1tenth_gym_ros:/opt/ros/humble /usr/bin/cmake --build /home/kabir/F1_labs/src/race3/build/race3 -- -j8 -l8
[15.328s] DEBUG:colcon.colcon_core.event_handler.log_command:Invoked command in '/home/kabir/F1_labs/src/race3/build/race3' returned '2': CMAKE_PREFIX_PATH=${CMAKE_PREFIX_PATH}:/home/kabir/F1_labs/install/f1tenth_gym_ros:/opt/ros/humble /usr/bin/cmake --build /home/kabir/F1_labs/src/race3/build/race3 -- -j8 -l8
[15.333s] Level 1:colcon.colcon_core.environment:create_environment_scripts_only(race3)
[15.369s] Level 1:colcon.colcon_core.environment:checking '/home/kabir/F1_labs/src/race3/install/race3' for CMake module files
[15.370s] Level 1:colcon.colcon_core.environment:checking '/home/kabir/F1_labs/src/race3/install/race3' for CMake config files
[15.372s] Level 1:colcon.colcon_core.environment:checking '/home/kabir/F1_labs/src/race3/install/race3/bin'
[15.373s] Level 1:colcon.colcon_core.environment:checking '/home/kabir/F1_labs/src/race3/install/race3/lib/pkgconfig/race3.pc'
[15.374s] Level 1:colcon.colcon_core.environment:checking '/home/kabir/F1_labs/src/race3/install/race3/lib/python3.10/site-packages'
[15.375s] Level 1:colcon.colcon_core.environment:checking '/home/kabir/F1_labs/src/race3/install/race3/bin'
[15.376s] INFO:colcon.colcon_core.shell:Creating package script '/home/kabir/F1_labs/src/race3/install/race3/share/race3/package.ps1'
[15.381s] INFO:colcon.colcon_core.shell:Creating package descriptor '/home/kabir/F1_labs/src/race3/install/race3/share/race3/package.dsv'
[15.382s] INFO:colcon.colcon_core.shell:Creating package script '/home/kabir/F1_labs/src/race3/install/race3/share/race3/package.sh'
[15.384s] INFO:colcon.colcon_core.shell:Creating package script '/home/kabir/F1_labs/src/race3/install/race3/share/race3/package.bash'
[15.386s] INFO:colcon.colcon_core.shell:Creating package script '/home/kabir/F1_labs/src/race3/install/race3/share/race3/package.zsh'
[15.389s] Level 1:colcon.colcon_core.environment:create_file_with_runtime_dependencies(/home/kabir/F1_labs/src/race3/install/race3/share/colcon-core/packages/race3)
[15.400s] DEBUG:colcon.colcon_parallel_executor.executor.parallel:closing loop
[15.400s] DEBUG:colcon.colcon_parallel_executor.executor.parallel:loop closed
[15.400s] DEBUG:colcon.colcon_parallel_executor.executor.parallel:run_until_complete finished with '2'
[15.400s] DEBUG:colcon.colcon_core.event_reactor:joining thread
[15.463s] INFO:colcon.colcon_core.plugin_system:Skipping extension 'colcon_notification.desktop_notification.terminal_notifier': Not used on non-Darwin systems
[15.463s] INFO:colcon.colcon_core.plugin_system:Skipping extension 'colcon_notification.desktop_notification.win32': Not used on non-Windows systems
[15.464s] INFO:colcon.colcon_notification.desktop_notification:Sending desktop notification using 'notify2'
[15.522s] DEBUG:colcon.colcon_core.event_reactor:joined thread
[15.523s] INFO:colcon.colcon_core.shell:Creating prefix script '/home/kabir/F1_labs/src/race3/install/local_setup.ps1'
[15.525s] INFO:colcon.colcon_core.shell:Creating prefix util module '/home/kabir/F1_labs/src/race3/install/_local_setup_util_ps1.py'
[15.527s] INFO:colcon.colcon_core.shell:Creating prefix chain script '/home/kabir/F1_labs/src/race3/install/setup.ps1'
[15.531s] INFO:colcon.colcon_core.shell:Creating prefix script '/home/kabir/F1_labs/src/race3/install/local_setup.sh'
[15.533s] INFO:colcon.colcon_core.shell:Creating prefix util module '/home/kabir/F1_labs/src/race3/install/_local_setup_util_sh.py'
[15.534s] INFO:colcon.colcon_core.shell:Creating prefix chain script '/home/kabir/F1_labs/src/race3/install/setup.sh'
[15.536s] INFO:colcon.colcon_core.shell:Creating prefix script '/home/kabir/F1_labs/src/race3/install/local_setup.bash'
[15.538s] INFO:colcon.colcon_core.shell:Creating prefix chain script '/home/kabir/F1_labs/src/race3/install/setup.bash'
[15.540s] INFO:colcon.colcon_core.shell:Creating prefix script '/home/kabir/F1_labs/src/race3/install/local_setup.zsh'
[15.542s] INFO:colcon.colcon_core.shell:Creating prefix chain script '/home/kabir/F1_labs/src/race3/install/setup.zsh'
